Importer Log Report
Project : Logger.PrjPcb

Section : Import Document - C:\Users\15195\Downloads\ul_MC33660BEFR2\AltiumV15.lia
    Section : PCB Library - AltiumV15.PcbLib
        Section : Load Messages
            Warning - 1 : Skipping Token poly On Line 464
            Warning - 1 : Skipping Token poly On Line 480
            Warning - 1 : Skipping Token poly On Line 862
            Warning - 1 : Skipping Token poly On Line 878
            Warning - 1 : Skipping Token poly On Line 1260
            Warning - 1 : Skipping Token poly On Line 1276
            Warning - 1 : Skipping Token MC33660BEFR2 On Line 1509
            Warning - 1 : Skipping Token attachedSymbol On Line 1601
        EndSection
    EndSection

    Section : SCH Library - AltiumV15.SchLib
        Section : Parsing Messages
            Warning - 1 : Skipping Token padStyleDef On Line 10
            Warning - 1 : Skipping Token padStyleDef On Line 20
            Warning - 1 : Skipping Token padStyleDef On Line 30
            Warning - 1 : Skipping Token multiLayer On Line 320
            Warning - 1 : Skipping Token layerContents On Line 331
            Warning - 1 : Skipping Token layerContents On Line 334
            Warning - 1 : Skipping Token layerContents On Line 337
            Warning - 1 : Skipping Token layerContents On Line 340
            Warning - 1 : Skipping Token layerContents On Line 343
            Warning - 1 : Skipping Token layerContents On Line 346
            Warning - 1 : Skipping Token layerContents On Line 349
            Warning - 1 : Skipping Token layerContents On Line 352
            Warning - 1 : Skipping Token layerContents On Line 355
            Warning - 1 : Skipping Token layerContents On Line 358
            Warning - 1 : Skipping Token layerContents On Line 361
            Warning - 1 : Skipping Token layerContents On Line 364
            Warning - 1 : Skipping Token layerContents On Line 367
            Warning - 1 : Skipping Token layerContents On Line 370
            Warning - 1 : Skipping Token layerContents On Line 373
            Warning - 1 : Skipping Token layerContents On Line 376
            Warning - 1 : Skipping Token layerContents On Line 379
            Warning - 1 : Skipping Token layerContents On Line 382
            Warning - 1 : Skipping Token layerContents On Line 385
            Warning - 1 : Skipping Token layerContents On Line 388
            Warning - 1 : Skipping Token layerContents On Line 391
            Warning - 1 : Skipping Token layerContents On Line 394
            Warning - 1 : Skipping Token layerContents On Line 397
            Warning - 1 : Skipping Token layerContents On Line 400
            Warning - 1 : Skipping Token layerContents On Line 403
            Warning - 1 : Skipping Token layerContents On Line 406
            Warning - 1 : Skipping Token layerContents On Line 409
            Warning - 1 : Skipping Token layerContents On Line 412
            Warning - 1 : Skipping Token layerContents On Line 415
            Warning - 1 : Skipping Token layerContents On Line 418
            Warning - 1 : Skipping Token layerContents On Line 421
            Warning - 1 : Skipping Token layerContents On Line 424
            Warning - 1 : Skipping Token layerContents On Line 427
            Warning - 1 : Skipping Token layerContents On Line 430
            Warning - 1 : Skipping Token layerContents On Line 433
            Warning - 1 : Skipping Token layerContents On Line 436
            Warning - 1 : Skipping Token layerContents On Line 439
            Warning - 1 : Skipping Token layerContents On Line 442
            Warning - 1 : Skipping Token layerContents On Line 445
            Warning - 1 : Skipping Token layerContents On Line 448
            Warning - 1 : Skipping Token layerContents On Line 451
            Warning - 1 : Skipping Token layerContents On Line 454
            Warning - 1 : Skipping Token layerContents On Line 457
            Warning - 1 : Skipping Token layerContents On Line 460
            Warning - 1 : Skipping Token layerContents On Line 463
            Warning - 1 : Skipping Token layerContents On Line 479
            Warning - 1 : Skipping Token layerContents On Line 487
            Warning - 1 : Skipping Token layerContents On Line 490
            Warning - 1 : Skipping Token layerContents On Line 493
            Warning - 1 : Skipping Token layerContents On Line 496
            Warning - 1 : Skipping Token layerContents On Line 499
            Warning - 1 : Skipping Token layerContents On Line 502
            Warning - 1 : Skipping Token layerContents On Line 505
            Warning - 1 : Skipping Token layerContents On Line 508
            Warning - 1 : Skipping Token layerContents On Line 511
            Warning - 1 : Skipping Token layerContents On Line 514
            Warning - 1 : Skipping Token layerContents On Line 517
            Warning - 1 : Skipping Token layerContents On Line 520
            Warning - 1 : Skipping Token layerContents On Line 523
            Warning - 1 : Skipping Token layerContents On Line 526
            Warning - 1 : Skipping Token layerContents On Line 529
            Warning - 1 : Skipping Token layerContents On Line 532
            Warning - 1 : Skipping Token layerContents On Line 535
            Warning - 1 : Skipping Token layerContents On Line 538
            Warning - 1 : Skipping Token layerContents On Line 541
            Warning - 1 : Skipping Token layerContents On Line 544
            Warning - 1 : Skipping Token layerContents On Line 547
            Warning - 1 : Skipping Token layerContents On Line 550
            Warning - 1 : Skipping Token layerContents On Line 553
            Warning - 1 : Skipping Token layerContents On Line 556
            Warning - 1 : Skipping Token layerContents On Line 559
            Warning - 1 : Skipping Token layerContents On Line 562
            Warning - 1 : Skipping Token layerContents On Line 565
            Warning - 1 : Skipping Token layerContents On Line 568
            Warning - 1 : Skipping Token layerContents On Line 571
            Warning - 1 : Skipping Token layerContents On Line 574
            Warning - 1 : Skipping Token layerContents On Line 577
            Warning - 1 : Skipping Token layerContents On Line 580
            Warning - 1 : Skipping Token layerContents On Line 583
            Warning - 1 : Skipping Token layerContents On Line 586
            Warning - 1 : Skipping Token layerContents On Line 589
            Warning - 1 : Skipping Token layerContents On Line 592
            Warning - 1 : Skipping Token layerContents On Line 595
            Warning - 1 : Skipping Token layerContents On Line 598
            Warning - 1 : Skipping Token layerContents On Line 601
            Warning - 1 : Skipping Token layerContents On Line 604
            Warning - 1 : Skipping Token layerContents On Line 607
            Warning - 1 : Skipping Token layerContents On Line 610
            Warning - 1 : Skipping Token layerContents On Line 613
            Warning - 1 : Skipping Token layerContents On Line 616
            Warning - 1 : Skipping Token layerContents On Line 619
            Warning - 1 : Skipping Token layerContents On Line 622
            Warning - 1 : Skipping Token layerContents On Line 625
            Warning - 1 : Skipping Token layerContents On Line 628
            Warning - 1 : Skipping Token layerContents On Line 631
            Warning - 1 : Skipping Token layerContents On Line 634
            Warning - 1 : Skipping Token layerContents On Line 637
            Warning - 1 : Skipping Token layerContents On Line 640
            Warning - 1 : Skipping Token layerContents On Line 643
            Warning - 1 : Skipping Token layerContents On Line 646
            Warning - 1 : Skipping Token layerContents On Line 649
            Warning - 1 : Skipping Token layerContents On Line 652
            Warning - 1 : Skipping Token layerContents On Line 655
            Warning - 1 : Skipping Token layerContents On Line 658
            Warning - 1 : Skipping Token layerContents On Line 661
            Warning - 1 : Skipping Token layerContents On Line 664
            Warning - 1 : Skipping Token layerContents On Line 667
            Warning - 1 : Skipping Token layerContents On Line 670
            Warning - 1 : Skipping Token layerContents On Line 673
            Warning - 1 : Skipping Token layerContents On Line 676
            Warning - 1 : Skipping Token layerContents On Line 679
            Warning - 1 : Skipping Token layerContents On Line 682
            Warning - 1 : Skipping Token layerContents On Line 685
            Warning - 1 : Skipping Token layerContents On Line 688
            Warning - 1 : Skipping Token layerContents On Line 691
            Warning - 1 : Skipping Token layerContents On Line 694
            Warning - 1 : Skipping Token layerContents On Line 697
            Warning - 1 : Skipping Token layerContents On Line 700
            Warning - 1 : Skipping Token layerContents On Line 703
            Warning - 1 : Skipping Token layerContents On Line 706
            Warning - 1 : Skipping Token layerContents On Line 709
            Warning - 1 : Skipping Token multiLayer On Line 718
            Warning - 1 : Skipping Token layerContents On Line 729
            Warning - 1 : Skipping Token layerContents On Line 732
            Warning - 1 : Skipping Token layerContents On Line 735
            Warning - 1 : Skipping Token layerContents On Line 738
            Warning - 1 : Skipping Token layerContents On Line 741
            Warning - 1 : Skipping Token layerContents On Line 744
            Warning - 1 : Skipping Token layerContents On Line 747
            Warning - 1 : Skipping Token layerContents On Line 750
            Warning - 1 : Skipping Token layerContents On Line 753
            Warning - 1 : Skipping Token layerContents On Line 756
            Warning - 1 : Skipping Token layerContents On Line 759
            Warning - 1 : Skipping Token layerContents On Line 762
            Warning - 1 : Skipping Token layerContents On Line 765
            Warning - 1 : Skipping Token layerContents On Line 768
            Warning - 1 : Skipping Token layerContents On Line 771
            Warning - 1 : Skipping Token layerContents On Line 774
            Warning - 1 : Skipping Token layerContents On Line 777
            Warning - 1 : Skipping Token layerContents On Line 780
            Warning - 1 : Skipping Token layerContents On Line 783
            Warning - 1 : Skipping Token layerContents On Line 786
            Warning - 1 : Skipping Token layerContents On Line 789
            Warning - 1 : Skipping Token layerContents On Line 792
            Warning - 1 : Skipping Token layerContents On Line 795
            Warning - 1 : Skipping Token layerContents On Line 798
            Warning - 1 : Skipping Token layerContents On Line 801
            Warning - 1 : Skipping Token layerContents On Line 804
            Warning - 1 : Skipping Token layerContents On Line 807
            Warning - 1 : Skipping Token layerContents On Line 810
            Warning - 1 : Skipping Token layerContents On Line 813
            Warning - 1 : Skipping Token layerContents On Line 816
            Warning - 1 : Skipping Token layerContents On Line 819
            Warning - 1 : Skipping Token layerContents On Line 822
            Warning - 1 : Skipping Token layerContents On Line 825
            Warning - 1 : Skipping Token layerContents On Line 828
            Warning - 1 : Skipping Token layerContents On Line 831
            Warning - 1 : Skipping Token layerContents On Line 834
            Warning - 1 : Skipping Token layerContents On Line 837
            Warning - 1 : Skipping Token layerContents On Line 840
            Warning - 1 : Skipping Token layerContents On Line 843
            Warning - 1 : Skipping Token layerContents On Line 846
            Warning - 1 : Skipping Token layerContents On Line 849
            Warning - 1 : Skipping Token layerContents On Line 852
            Warning - 1 : Skipping Token layerContents On Line 855
            Warning - 1 : Skipping Token layerContents On Line 858
            Warning - 1 : Skipping Token layerContents On Line 861
            Warning - 1 : Skipping Token layerContents On Line 877
            Warning - 1 : Skipping Token layerContents On Line 885
            Warning - 1 : Skipping Token layerContents On Line 888
            Warning - 1 : Skipping Token layerContents On Line 891
            Warning - 1 : Skipping Token layerContents On Line 894
            Warning - 1 : Skipping Token layerContents On Line 897
            Warning - 1 : Skipping Token layerContents On Line 900
            Warning - 1 : Skipping Token layerContents On Line 903
            Warning - 1 : Skipping Token layerContents On Line 906
            Warning - 1 : Skipping Token layerContents On Line 909
            Warning - 1 : Skipping Token layerContents On Line 912
            Warning - 1 : Skipping Token layerContents On Line 915
            Warning - 1 : Skipping Token layerContents On Line 918
            Warning - 1 : Skipping Token layerContents On Line 921
            Warning - 1 : Skipping Token layerContents On Line 924
            Warning - 1 : Skipping Token layerContents On Line 927
            Warning - 1 : Skipping Token layerContents On Line 930
            Warning - 1 : Skipping Token layerContents On Line 933
            Warning - 1 : Skipping Token layerContents On Line 936
            Warning - 1 : Skipping Token layerContents On Line 939
            Warning - 1 : Skipping Token layerContents On Line 942
            Warning - 1 : Skipping Token layerContents On Line 945
            Warning - 1 : Skipping Token layerContents On Line 948
            Warning - 1 : Skipping Token layerContents On Line 951
            Warning - 1 : Skipping Token layerContents On Line 954
            Warning - 1 : Skipping Token layerContents On Line 957
            Warning - 1 : Skipping Token layerContents On Line 960
            Warning - 1 : Skipping Token layerContents On Line 963
            Warning - 1 : Skipping Token layerContents On Line 966
            Warning - 1 : Skipping Token layerContents On Line 969
            Warning - 1 : Skipping Token layerContents On Line 972
            Warning - 1 : Skipping Token layerContents On Line 975
            Warning - 1 : Skipping Token layerContents On Line 978
            Warning - 1 : Skipping Token layerContents On Line 981
            Warning - 1 : Skipping Token layerContents On Line 984
            Warning - 1 : Skipping Token layerContents On Line 987
            Warning - 1 : Skipping Token layerContents On Line 990
            Warning - 1 : Skipping Token layerContents On Line 993
            Warning - 1 : Skipping Token layerContents On Line 996
            Warning - 1 : Skipping Token layerContents On Line 999
            Warning - 1 : Skipping Token layerContents On Line 1002
            Warning - 1 : Skipping Token layerContents On Line 1005
            Warning - 1 : Skipping Token layerContents On Line 1008
            Warning - 1 : Skipping Token layerContents On Line 1011
            Warning - 1 : Skipping Token layerContents On Line 1014
            Warning - 1 : Skipping Token layerContents On Line 1017
            Warning - 1 : Skipping Token layerContents On Line 1020
            Warning - 1 : Skipping Token layerContents On Line 1023
            Warning - 1 : Skipping Token layerContents On Line 1026
            Warning - 1 : Skipping Token layerContents On Line 1029
            Warning - 1 : Skipping Token layerContents On Line 1032
            Warning - 1 : Skipping Token layerContents On Line 1035
            Warning - 1 : Skipping Token layerContents On Line 1038
            Warning - 1 : Skipping Token layerContents On Line 1041
            Warning - 1 : Skipping Token layerContents On Line 1044
            Warning - 1 : Skipping Token layerContents On Line 1047
            Warning - 1 : Skipping Token layerContents On Line 1050
            Warning - 1 : Skipping Token layerContents On Line 1053
            Warning - 1 : Skipping Token layerContents On Line 1056
            Warning - 1 : Skipping Token layerContents On Line 1059
            Warning - 1 : Skipping Token layerContents On Line 1062
            Warning - 1 : Skipping Token layerContents On Line 1065
            Warning - 1 : Skipping Token layerContents On Line 1068
            Warning - 1 : Skipping Token layerContents On Line 1071
            Warning - 1 : Skipping Token layerContents On Line 1074
            Warning - 1 : Skipping Token layerContents On Line 1077
            Warning - 1 : Skipping Token layerContents On Line 1080
            Warning - 1 : Skipping Token layerContents On Line 1083
            Warning - 1 : Skipping Token layerContents On Line 1086
            Warning - 1 : Skipping Token layerContents On Line 1089
            Warning - 1 : Skipping Token layerContents On Line 1092
            Warning - 1 : Skipping Token layerContents On Line 1095
            Warning - 1 : Skipping Token layerContents On Line 1098
            Warning - 1 : Skipping Token layerContents On Line 1101
            Warning - 1 : Skipping Token layerContents On Line 1104
            Warning - 1 : Skipping Token layerContents On Line 1107
            Warning - 1 : Skipping Token multiLayer On Line 1116
            Warning - 1 : Skipping Token layerContents On Line 1127
            Warning - 1 : Skipping Token layerContents On Line 1130
            Warning - 1 : Skipping Token layerContents On Line 1133
            Warning - 1 : Skipping Token layerContents On Line 1136
            Warning - 1 : Skipping Token layerContents On Line 1139
            Warning - 1 : Skipping Token layerContents On Line 1142
            Warning - 1 : Skipping Token layerContents On Line 1145
            Warning - 1 : Skipping Token layerContents On Line 1148
            Warning - 1 : Skipping Token layerContents On Line 1151
            Warning - 1 : Skipping Token layerContents On Line 1154
            Warning - 1 : Skipping Token layerContents On Line 1157
            Warning - 1 : Skipping Token layerContents On Line 1160
            Warning - 1 : Skipping Token layerContents On Line 1163
            Warning - 1 : Skipping Token layerContents On Line 1166
            Warning - 1 : Skipping Token layerContents On Line 1169
            Warning - 1 : Skipping Token layerContents On Line 1172
            Warning - 1 : Skipping Token layerContents On Line 1175
            Warning - 1 : Skipping Token layerContents On Line 1178
            Warning - 1 : Skipping Token layerContents On Line 1181
            Warning - 1 : Skipping Token layerContents On Line 1184
            Warning - 1 : Skipping Token layerContents On Line 1187
            Warning - 1 : Skipping Token layerContents On Line 1190
            Warning - 1 : Skipping Token layerContents On Line 1193
            Warning - 1 : Skipping Token layerContents On Line 1196
            Warning - 1 : Skipping Token layerContents On Line 1199
            Warning - 1 : Skipping Token layerContents On Line 1202
            Warning - 1 : Skipping Token layerContents On Line 1205
            Warning - 1 : Skipping Token layerContents On Line 1208
            Warning - 1 : Skipping Token layerContents On Line 1211
            Warning - 1 : Skipping Token layerContents On Line 1214
            Warning - 1 : Skipping Token layerContents On Line 1217
            Warning - 1 : Skipping Token layerContents On Line 1220
            Warning - 1 : Skipping Token layerContents On Line 1223
            Warning - 1 : Skipping Token layerContents On Line 1226
            Warning - 1 : Skipping Token layerContents On Line 1229
            Warning - 1 : Skipping Token layerContents On Line 1232
            Warning - 1 : Skipping Token layerContents On Line 1235
            Warning - 1 : Skipping Token layerContents On Line 1238
            Warning - 1 : Skipping Token layerContents On Line 1241
            Warning - 1 : Skipping Token layerContents On Line 1244
            Warning - 1 : Skipping Token layerContents On Line 1247
            Warning - 1 : Skipping Token layerContents On Line 1250
            Warning - 1 : Skipping Token layerContents On Line 1253
            Warning - 1 : Skipping Token layerContents On Line 1256
            Warning - 1 : Skipping Token layerContents On Line 1259
            Warning - 1 : Skipping Token layerContents On Line 1275
            Warning - 1 : Skipping Token layerContents On Line 1283
            Warning - 1 : Skipping Token layerContents On Line 1286
            Warning - 1 : Skipping Token layerContents On Line 1289
            Warning - 1 : Skipping Token layerContents On Line 1292
            Warning - 1 : Skipping Token layerContents On Line 1295
            Warning - 1 : Skipping Token layerContents On Line 1298
            Warning - 1 : Skipping Token layerContents On Line 1301
            Warning - 1 : Skipping Token layerContents On Line 1304
            Warning - 1 : Skipping Token layerContents On Line 1307
            Warning - 1 : Skipping Token layerContents On Line 1310
            Warning - 1 : Skipping Token layerContents On Line 1313
            Warning - 1 : Skipping Token layerContents On Line 1316
            Warning - 1 : Skipping Token layerContents On Line 1319
            Warning - 1 : Skipping Token layerContents On Line 1322
            Warning - 1 : Skipping Token layerContents On Line 1325
            Warning - 1 : Skipping Token layerContents On Line 1328
            Warning - 1 : Skipping Token layerContents On Line 1331
            Warning - 1 : Skipping Token layerContents On Line 1334
            Warning - 1 : Skipping Token layerContents On Line 1337
            Warning - 1 : Skipping Token layerContents On Line 1340
            Warning - 1 : Skipping Token layerContents On Line 1343
            Warning - 1 : Skipping Token layerContents On Line 1346
            Warning - 1 : Skipping Token layerContents On Line 1349
            Warning - 1 : Skipping Token layerContents On Line 1352
            Warning - 1 : Skipping Token layerContents On Line 1355
            Warning - 1 : Skipping Token layerContents On Line 1358
            Warning - 1 : Skipping Token layerContents On Line 1361
            Warning - 1 : Skipping Token layerContents On Line 1364
            Warning - 1 : Skipping Token layerContents On Line 1367
            Warning - 1 : Skipping Token layerContents On Line 1370
            Warning - 1 : Skipping Token layerContents On Line 1373
            Warning - 1 : Skipping Token layerContents On Line 1376
            Warning - 1 : Skipping Token layerContents On Line 1379
            Warning - 1 : Skipping Token layerContents On Line 1382
            Warning - 1 : Skipping Token layerContents On Line 1385
            Warning - 1 : Skipping Token layerContents On Line 1388
            Warning - 1 : Skipping Token layerContents On Line 1391
            Warning - 1 : Skipping Token layerContents On Line 1394
            Warning - 1 : Skipping Token layerContents On Line 1397
            Warning - 1 : Skipping Token layerContents On Line 1400
            Warning - 1 : Skipping Token layerContents On Line 1403
            Warning - 1 : Skipping Token layerContents On Line 1406
            Warning - 1 : Skipping Token layerContents On Line 1409
            Warning - 1 : Skipping Token layerContents On Line 1412
            Warning - 1 : Skipping Token layerContents On Line 1415
            Warning - 1 : Skipping Token layerContents On Line 1418
            Warning - 1 : Skipping Token layerContents On Line 1421
            Warning - 1 : Skipping Token layerContents On Line 1424
            Warning - 1 : Skipping Token layerContents On Line 1427
            Warning - 1 : Skipping Token layerContents On Line 1430
            Warning - 1 : Skipping Token layerContents On Line 1433
            Warning - 1 : Skipping Token layerContents On Line 1436
            Warning - 1 : Skipping Token layerContents On Line 1439
            Warning - 1 : Skipping Token layerContents On Line 1442
            Warning - 1 : Skipping Token layerContents On Line 1445
            Warning - 1 : Skipping Token layerContents On Line 1448
            Warning - 1 : Skipping Token layerContents On Line 1451
            Warning - 1 : Skipping Token layerContents On Line 1454
            Warning - 1 : Skipping Token layerContents On Line 1457
            Warning - 1 : Skipping Token layerContents On Line 1460
            Warning - 1 : Skipping Token layerContents On Line 1463
            Warning - 1 : Skipping Token layerContents On Line 1466
            Warning - 1 : Skipping Token layerContents On Line 1469
            Warning - 1 : Skipping Token layerContents On Line 1472
            Warning - 1 : Skipping Token layerContents On Line 1475
            Warning - 1 : Skipping Token layerContents On Line 1478
            Warning - 1 : Skipping Token layerContents On Line 1481
            Warning - 1 : Skipping Token layerContents On Line 1484
            Warning - 1 : Skipping Token layerContents On Line 1487
            Warning - 1 : Skipping Token layerContents On Line 1490
            Warning - 1 : Skipping Token layerContents On Line 1493
            Warning - 1 : Skipping Token layerContents On Line 1496
            Warning - 1 : Skipping Token layerContents On Line 1499
            Warning - 1 : Skipping Token layerContents On Line 1502
            Warning - 1 : Skipping Token layerContents On Line 1505
            Warning - 1 : Skipping Token defaultPinDes On Line 1517
            Warning - 1 : Skipping Token defaultPinDes On Line 1525
            Warning - 1 : Skipping Token defaultPinDes On Line 1533
            Warning - 1 : Skipping Token defaultPinDes On Line 1541
            Warning - 1 : Skipping Token defaultPinDes On Line 1549
            Warning - 1 : Skipping Token defaultPinDes On Line 1557
            Warning - 1 : Skipping Token defaultPinDes On Line 1565
            Warning - 1 : Skipping Token defaultPinDes On Line 1573
        EndSection
    EndSection
EndSection
